Compiling the CXX compiler identification source file "CMakeCXXCompilerId.cpp" failed.
Compiler: /Library/Developer/CommandLineTools/usr/bin/c++ 
Build flags: 
Id flags:  

The output was:
1
ld: library not found for -lc++
clang: error: linker command failed with exit code 1 (use -v to see invocation)


Performing C++ SOURCE FILE Test CXXFLAG_WCAST_ALIGN_STRICT_OKAY failed with the following output:
Change Dir: /Users/kevinsu/Documents/GitHub/flappy_bird/flappy_bird/cmake-build-debug/CMakeFiles/CMakeTmp

Run Build Command(s):/usr/bin/make -f Makefile cmTC_f1df6/fast && /Library/Developer/CommandLineTools/usr/bin/make  -f CMakeFiles/cmTC_f1df6.dir/build.make CMakeFiles/cmTC_f1df6.dir/build
Building CXX object CMakeFiles/cmTC_f1df6.dir/src.cxx.o
/Library/Developer/CommandLineTools/usr/bin/c++ -DCXXFLAG_WCAST_ALIGN_STRICT_OKAY  -isysroot /Library/Developer/CommandLineTools/SDKs/MacOSX11.3.sdk   -Wcast-align=strict -MD -MT CMakeFiles/cmTC_f1df6.dir/src.cxx.o -MF CMakeFiles/cmTC_f1df6.dir/src.cxx.o.d -o CMakeFiles/cmTC_f1df6.dir/src.cxx.o -c /Users/kevinsu/Documents/GitHub/flappy_bird/flappy_bird/cmake-build-debug/CMakeFiles/CMakeTmp/src.cxx
warning: unknown warning option '-Wcast-align=strict'; did you mean '-Wcast-align'? [-Wunknown-warning-option]
1 warning generated.
Linking CXX executable cmTC_f1df6
/Applications/CLion.app/Contents/bin/cmake/mac/bin/cmake -E cmake_link_script CMakeFiles/cmTC_f1df6.dir/link.txt --verbose=1
/Library/Developer/CommandLineTools/usr/bin/c++  -isysroot /Library/Developer/CommandLineTools/SDKs/MacOSX11.3.sdk -Wl,-search_paths_first -Wl,-headerpad_max_install_names CMakeFiles/cmTC_f1df6.dir/src.cxx.o -o cmTC_f1df6 


Source file was:
int main() { return 0; }
Performing C++ SOURCE FILE Test CXXFLAG_WERROR_BOOL_COMPARE_OKAY failed with the following output:
Change Dir: /Users/kevinsu/Documents/GitHub/flappy_bird/flappy_bird/cmake-build-debug/CMakeFiles/CMakeTmp

Run Build Command(s):/usr/bin/make -f Makefile cmTC_59fc7/fast && /Library/Developer/CommandLineTools/usr/bin/make  -f CMakeFiles/cmTC_59fc7.dir/build.make CMakeFiles/cmTC_59fc7.dir/build
Building CXX object CMakeFiles/cmTC_59fc7.dir/src.cxx.o
/Library/Developer/CommandLineTools/usr/bin/c++ -DCXXFLAG_WERROR_BOOL_COMPARE_OKAY  -isysroot /Library/Developer/CommandLineTools/SDKs/MacOSX11.3.sdk   -Werror=bool-compare -MD -MT CMakeFiles/cmTC_59fc7.dir/src.cxx.o -MF CMakeFiles/cmTC_59fc7.dir/src.cxx.o.d -o CMakeFiles/cmTC_59fc7.dir/src.cxx.o -c /Users/kevinsu/Documents/GitHub/flappy_bird/flappy_bird/cmake-build-debug/CMakeFiles/CMakeTmp/src.cxx
warning: unknown warning option '-Werror=bool-compare' [-Wunknown-warning-option]
1 warning generated.
Linking CXX executable cmTC_59fc7
/Applications/CLion.app/Contents/bin/cmake/mac/bin/cmake -E cmake_link_script CMakeFiles/cmTC_59fc7.dir/link.txt --verbose=1
/Library/Developer/CommandLineTools/usr/bin/c++  -isysroot /Library/Developer/CommandLineTools/SDKs/MacOSX11.3.sdk -Wl,-search_paths_first -Wl,-headerpad_max_install_names CMakeFiles/cmTC_59fc7.dir/src.cxx.o -o cmTC_59fc7 


Source file was:
int main() { return 0; }
